mode: atomic
github.com/ggsood/kibana-client/kibana.go:28.42,30.2 1 1
github.com/ggsood/kibana-client/kibana.go:33.45,34.23 1 3
github.com/ggsood/kibana-client/kibana.go:38.2,40.31 2 3
github.com/ggsood/kibana-client/kibana.go:44.2,49.26 2 3
github.com/ggsood/kibana-client/kibana.go:53.2,53.20 1 3
github.com/ggsood/kibana-client/kibana.go:34.23,36.3 1 1
github.com/ggsood/kibana-client/kibana.go:40.31,42.3 1 0
github.com/ggsood/kibana-client/kibana.go:49.26,51.3 1 2
github.com/ggsood/kibana-client/kibana.go:58.48,59.22 1 3
github.com/ggsood/kibana-client/kibana.go:59.22,66.3 2 1
github.com/ggsood/kibana-client/kibana.go:66.8,72.3 1 2
